<?xml version="1.0" encoding="UTF-8"?>
<testsuite xmlns:xsi="http://www.w3.org/2001/XMLSchema-instance" xsi:noNamespaceSchemaLocation="https://maven.apache.org/surefire/maven-surefire-plugin/xsd/surefire-test-report-3.0.xsd" version="3.0" name="it.unimol.chess.tests.TestBoard" time="3.442" tests="3" errors="0" skipped="0" failures="0">
  <properties>
[...]
</properties>
  <testcase name="testAlgebreicNotation" classname="it.unimol.chess.tests.TestBoard" time="0.012"/>
  <testcase name="testFoolsMate" classname="it.unimol.chess.tests.TestBoard" time="3.385">
    <system-out><![CDATA[it.unimol.chess.engine.player.BlackPlayer@18bf3d14THINKING with depth = 4
]]></system-out>
  </testcase>
  <testcase name="testInvalidBoard" classname="it.unimol.chess.tests.TestBoard" time="0.001"/>
</testsuite>